[2025-08-14T12:37:29.139+0000] {manager.py:469} INFO - Processing files using up to 1 processes at a time 
[2025-08-14T12:37:29.141+0000] {manager.py:470} INFO - Process each file at most once every 30 seconds
[2025-08-14T12:37:29.142+0000] {manager.py:471} INFO - Checking for new files in /opt/airflow/dags every 300 seconds
[2025-08-14T12:37:29.144+0000] {manager.py:738} INFO - Searching for files in /opt/airflow/dags
[2025-08-14T12:37:29.202+0000] {manager.py:741} INFO - There are 1 files in /opt/airflow/dags
[2025-08-14T12:37:29.891+0000] {manager.py:879} INFO - 
================================================================================
DAG File Processing Stats

File Path                               PID    Runtime      # DAGs    # Errors  Last Runtime    Last Run
--------------------------------------  -----  ---------  --------  ----------  --------------  -------------------
/opt/airflow/dags/bayir_express_etl.py                           0           1  0.41s           2025-08-14T12:37:29
================================================================================
[2025-08-14T12:38:00.775+0000] {manager.py:879} INFO - 
================================================================================
DAG File Processing Stats

File Path                               PID    Runtime      # DAGs    # Errors  Last Runtime    Last Run
--------------------------------------  -----  ---------  --------  ----------  --------------  -------------------
/opt/airflow/dags/bayir_express_etl.py                           0           1  0.21s           2025-08-14T12:38:00
================================================================================
[2025-08-14T12:38:31.297+0000] {manager.py:879} INFO - 
================================================================================
DAG File Processing Stats

File Path                               PID    Runtime      # DAGs    # Errors  Last Runtime    Last Run
--------------------------------------  -----  ---------  --------  ----------  --------------  -------------------
/opt/airflow/dags/bayir_express_etl.py                           0           1  0.21s           2025-08-14T12:38:31
================================================================================
[2025-08-14T12:39:01.873+0000] {manager.py:879} INFO - 
================================================================================
DAG File Processing Stats

File Path                               PID    Runtime      # DAGs    # Errors  Last Runtime    Last Run
--------------------------------------  -----  ---------  --------  ----------  --------------  -------------------
/opt/airflow/dags/bayir_express_etl.py                           0           1  0.31s           2025-08-14T12:39:01
================================================================================
[2025-08-14T12:39:32.225+0000] {manager.py:879} INFO - 
================================================================================
DAG File Processing Stats

File Path                               PID    Runtime      # DAGs    # Errors  Last Runtime    Last Run
--------------------------------------  -----  ---------  --------  ----------  --------------  -------------------
/opt/airflow/dags/bayir_express_etl.py                           0           1  0.21s           2025-08-14T12:39:32
================================================================================
[2025-08-14T12:40:02.707+0000] {manager.py:879} INFO - 
================================================================================
DAG File Processing Stats

File Path                               PID    Runtime      # DAGs    # Errors  Last Runtime    Last Run
--------------------------------------  -----  ---------  --------  ----------  --------------  -------------------
/opt/airflow/dags/bayir_express_etl.py                           0           1  0.21s           2025-08-14T12:40:02
================================================================================
[2025-08-14T12:40:33.173+0000] {manager.py:879} INFO - 
================================================================================
DAG File Processing Stats

File Path                               PID    Runtime      # DAGs    # Errors  Last Runtime    Last Run
--------------------------------------  -----  ---------  --------  ----------  --------------  -------------------
/opt/airflow/dags/bayir_express_etl.py                           0           1  0.21s           2025-08-14T12:40:33
================================================================================
[2025-08-14T12:41:03.649+0000] {manager.py:879} INFO - 
================================================================================
DAG File Processing Stats

File Path                               PID    Runtime      # DAGs    # Errors  Last Runtime    Last Run
--------------------------------------  -----  ---------  --------  ----------  --------------  -------------------
/opt/airflow/dags/bayir_express_etl.py                           0           1  0.21s           2025-08-14T12:41:03
================================================================================
[2025-08-14T12:41:34.105+0000] {manager.py:879} INFO - 
================================================================================
DAG File Processing Stats

File Path                               PID    Runtime      # DAGs    # Errors  Last Runtime    Last Run
--------------------------------------  -----  ---------  --------  ----------  --------------  -------------------
/opt/airflow/dags/bayir_express_etl.py                           0           1  0.21s           2025-08-14T12:41:34
================================================================================
[2025-08-14T12:42:04.615+0000] {manager.py:879} INFO - 
================================================================================
DAG File Processing Stats

File Path                               PID    Runtime      # DAGs    # Errors  Last Runtime    Last Run
--------------------------------------  -----  ---------  --------  ----------  --------------  -------------------
/opt/airflow/dags/bayir_express_etl.py                           0           1  0.21s           2025-08-14T12:42:04
================================================================================
[2025-08-14T12:42:29.183+0000] {manager.py:738} INFO - Searching for files in /opt/airflow/dags
[2025-08-14T12:42:29.235+0000] {manager.py:741} INFO - There are 1 files in /opt/airflow/dags
[2025-08-14T12:42:35.103+0000] {manager.py:879} INFO - 
================================================================================
DAG File Processing Stats

File Path                               PID    Runtime      # DAGs    # Errors  Last Runtime    Last Run
--------------------------------------  -----  ---------  --------  ----------  --------------  -------------------
/opt/airflow/dags/bayir_express_etl.py                           0           1  0.21s           2025-08-14T12:42:35
================================================================================
[2025-08-14T12:43:05.572+0000] {manager.py:879} INFO - 
================================================================================
DAG File Processing Stats

File Path                               PID    Runtime      # DAGs    # Errors  Last Runtime    Last Run
--------------------------------------  -----  ---------  --------  ----------  --------------  -------------------
/opt/airflow/dags/bayir_express_etl.py                           0           1  0.21s           2025-08-14T12:43:05
================================================================================
[2025-08-14T12:43:36.075+0000] {manager.py:879} INFO - 
================================================================================
DAG File Processing Stats

File Path                               PID    Runtime      # DAGs    # Errors  Last Runtime    Last Run
--------------------------------------  -----  ---------  --------  ----------  --------------  -------------------
/opt/airflow/dags/bayir_express_etl.py                           0           1  0.21s           2025-08-14T12:43:36
================================================================================
[2025-08-14T12:44:06.532+0000] {manager.py:879} INFO - 
================================================================================
DAG File Processing Stats

File Path                               PID    Runtime      # DAGs    # Errors  Last Runtime    Last Run
--------------------------------------  -----  ---------  --------  ----------  --------------  -------------------
/opt/airflow/dags/bayir_express_etl.py                           0           1  0.21s           2025-08-14T12:44:06
================================================================================
[2025-08-14T12:44:37.007+0000] {manager.py:879} INFO - 
================================================================================
DAG File Processing Stats

File Path                               PID    Runtime      # DAGs    # Errors  Last Runtime    Last Run
--------------------------------------  -----  ---------  --------  ----------  --------------  -------------------
/opt/airflow/dags/bayir_express_etl.py                           0           1  0.21s           2025-08-14T12:44:37
================================================================================
[2025-08-14T12:45:07.711+0000] {manager.py:879} INFO - 
================================================================================
DAG File Processing Stats

File Path                               PID    Runtime      # DAGs    # Errors  Last Runtime    Last Run
--------------------------------------  -----  ---------  --------  ----------  --------------  -------------------
/opt/airflow/dags/bayir_express_etl.py                           0           1  0.41s           2025-08-14T12:45:07
================================================================================
[2025-08-14T12:45:38.008+0000] {manager.py:879} INFO - 
================================================================================
DAG File Processing Stats

File Path                               PID    Runtime      # DAGs    # Errors  Last Runtime    Last Run
--------------------------------------  -----  ---------  --------  ----------  --------------  -------------------
/opt/airflow/dags/bayir_express_etl.py                           0           1  0.21s           2025-08-14T12:45:38
================================================================================
[2025-08-14T12:46:08.402+0000] {manager.py:879} INFO - 
================================================================================
DAG File Processing Stats

File Path                               PID    Runtime      # DAGs    # Errors  Last Runtime    Last Run
--------------------------------------  -----  ---------  --------  ----------  --------------  -------------------
/opt/airflow/dags/bayir_express_etl.py                           0           1  0.21s           2025-08-14T12:46:08
================================================================================
[2025-08-14T12:46:38.907+0000] {manager.py:879} INFO - 
================================================================================
DAG File Processing Stats

File Path                               PID    Runtime      # DAGs    # Errors  Last Runtime    Last Run
--------------------------------------  -----  ---------  --------  ----------  --------------  -------------------
/opt/airflow/dags/bayir_express_etl.py                           0           1  0.21s           2025-08-14T12:46:38
================================================================================
[2025-08-14T12:47:09.475+0000] {manager.py:879} INFO - 
================================================================================
DAG File Processing Stats

File Path                               PID    Runtime      # DAGs    # Errors  Last Runtime    Last Run
--------------------------------------  -----  ---------  --------  ----------  --------------  -------------------
/opt/airflow/dags/bayir_express_etl.py                           0           1  0.31s           2025-08-14T12:47:09
================================================================================
[2025-08-14T12:47:29.306+0000] {manager.py:738} INFO - Searching for files in /opt/airflow/dags
[2025-08-14T12:47:29.352+0000] {manager.py:741} INFO - There are 1 files in /opt/airflow/dags
[2025-08-14T12:47:39.869+0000] {manager.py:879} INFO - 
================================================================================
DAG File Processing Stats

File Path                               PID    Runtime      # DAGs    # Errors  Last Runtime    Last Run
--------------------------------------  -----  ---------  --------  ----------  --------------  -------------------
/opt/airflow/dags/bayir_express_etl.py                           0           1  0.21s           2025-08-14T12:47:39
================================================================================
[2025-08-14T12:48:10.318+0000] {manager.py:879} INFO - 
================================================================================
DAG File Processing Stats

File Path                               PID    Runtime      # DAGs    # Errors  Last Runtime    Last Run
--------------------------------------  -----  ---------  --------  ----------  --------------  -------------------
/opt/airflow/dags/bayir_express_etl.py                           0           1  0.21s           2025-08-14T12:48:10
================================================================================
[2025-08-14T13:09:52.718+0000] {manager.py:469} INFO - Processing files using up to 1 processes at a time 
[2025-08-14T13:09:52.719+0000] {manager.py:470} INFO - Process each file at most once every 30 seconds
[2025-08-14T13:09:52.720+0000] {manager.py:471} INFO - Checking for new files in /opt/airflow/dags every 300 seconds
[2025-08-14T13:09:52.721+0000] {manager.py:738} INFO - Searching for files in /opt/airflow/dags
[2025-08-14T13:09:52.753+0000] {manager.py:741} INFO - There are 1 files in /opt/airflow/dags
[2025-08-14T13:09:53.875+0000] {manager.py:879} INFO - 
================================================================================
DAG File Processing Stats

File Path                               PID    Runtime      # DAGs    # Errors  Last Runtime    Last Run
--------------------------------------  -----  ---------  --------  ----------  --------------  -------------------
/opt/airflow/dags/bayir_express_etl.py                           1           0  1.01s           2025-08-14T13:09:53
================================================================================
[2025-08-14T13:10:25.822+0000] {manager.py:879} INFO - 
================================================================================
DAG File Processing Stats

File Path                               PID    Runtime      # DAGs    # Errors  Last Runtime    Last Run
--------------------------------------  -----  ---------  --------  ----------  --------------  -------------------
/opt/airflow/dags/bayir_express_etl.py                           1           0  1.52s           2025-08-14T13:10:25
================================================================================
[2025-08-14T13:10:58.136+0000] {manager.py:879} INFO - 
================================================================================
DAG File Processing Stats

File Path                               PID    Runtime      # DAGs    # Errors  Last Runtime    Last Run
--------------------------------------  -----  ---------  --------  ----------  --------------  -------------------
/opt/airflow/dags/bayir_express_etl.py                           1           0  1.32s           2025-08-14T13:10:58
================================================================================
[2025-08-14T13:11:29.627+0000] {manager.py:879} INFO - 
================================================================================
DAG File Processing Stats

File Path                               PID    Runtime      # DAGs    # Errors  Last Runtime    Last Run
--------------------------------------  -----  ---------  --------  ----------  --------------  -------------------
/opt/airflow/dags/bayir_express_etl.py                           1           0  1.31s           2025-08-14T13:11:29
================================================================================
[2025-08-14T13:12:01.271+0000] {manager.py:879} INFO - 
================================================================================
DAG File Processing Stats

File Path                               PID    Runtime      # DAGs    # Errors  Last Runtime    Last Run
--------------------------------------  -----  ---------  --------  ----------  --------------  -------------------
/opt/airflow/dags/bayir_express_etl.py                           1           0  1.21s           2025-08-14T13:12:01
================================================================================
[2025-08-14T13:12:33.015+0000] {manager.py:879} INFO - 
================================================================================
DAG File Processing Stats

File Path                               PID    Runtime      # DAGs    # Errors  Last Runtime    Last Run
--------------------------------------  -----  ---------  --------  ----------  --------------  -------------------
/opt/airflow/dags/bayir_express_etl.py                           1           0  1.31s           2025-08-14T13:12:33
================================================================================
[2025-08-14T13:13:49.398+0000] {manager.py:451} INFO - Exiting gracefully upon receiving signal 15
[2025-08-14T13:13:50.087+0000] {manager.py:469} INFO - Processing files using up to 1 processes at a time 
[2025-08-14T13:13:50.089+0000] {manager.py:470} INFO - Process each file at most once every 30 seconds
[2025-08-14T13:13:50.091+0000] {manager.py:471} INFO - Checking for new files in /opt/airflow/dags every 300 seconds
[2025-08-14T13:13:50.092+0000] {manager.py:738} INFO - Searching for files in /opt/airflow/dags
[2025-08-14T13:13:50.150+0000] {manager.py:741} INFO - There are 1 files in /opt/airflow/dags
[2025-08-14T13:13:53.433+0000] {manager.py:879} INFO - 
================================================================================
DAG File Processing Stats

File Path                               PID    Runtime      # DAGs    # Errors  Last Runtime    Last Run
--------------------------------------  -----  ---------  --------  ----------  --------------  -------------------
/opt/airflow/dags/bayir_express_etl.py                           1           0  3.20s           2025-08-14T13:13:53
================================================================================
[2025-08-14T13:14:28.825+0000] {manager.py:879} INFO - 
================================================================================
DAG File Processing Stats

File Path                               PID    Runtime      # DAGs    # Errors  Last Runtime    Last Run
--------------------------------------  -----  ---------  --------  ----------  --------------  -------------------
/opt/airflow/dags/bayir_express_etl.py                           1           0  1.11s           2025-08-14T13:14:28
================================================================================
[2025-08-14T13:15:00.337+0000] {manager.py:879} INFO - 
================================================================================
DAG File Processing Stats

File Path                               PID    Runtime      # DAGs    # Errors  Last Runtime    Last Run
--------------------------------------  -----  ---------  --------  ----------  --------------  -------------------
/opt/airflow/dags/bayir_express_etl.py                           1           0  1.31s           2025-08-14T13:15:00
================================================================================
[2025-08-14T13:15:31.607+0000] {manager.py:879} INFO - 
================================================================================
DAG File Processing Stats

File Path                               PID    Runtime      # DAGs    # Errors  Last Runtime    Last Run
--------------------------------------  -----  ---------  --------  ----------  --------------  -------------------
/opt/airflow/dags/bayir_express_etl.py                           1           0  1.22s           2025-08-14T13:15:31
================================================================================
[2025-08-14T13:16:02.892+0000] {manager.py:879} INFO - 
================================================================================
DAG File Processing Stats

File Path                               PID    Runtime      # DAGs    # Errors  Last Runtime    Last Run
--------------------------------------  -----  ---------  --------  ----------  --------------  -------------------
/opt/airflow/dags/bayir_express_etl.py                           1           0  1.21s           2025-08-14T13:16:02
================================================================================
[2025-08-14T13:17:14.083+0000] {manager.py:879} INFO - 
================================================================================
DAG File Processing Stats

File Path                               PID    Runtime      # DAGs    # Errors  Last Runtime    Last Run
--------------------------------------  -----  ---------  --------  ----------  --------------  -------------------
/opt/airflow/dags/bayir_express_etl.py                           1           0  1.31s           2025-08-14T13:17:10
================================================================================
[2025-08-14T13:17:44.714+0000] {manager.py:879} INFO - 
================================================================================
DAG File Processing Stats

File Path                               PID    Runtime      # DAGs    # Errors  Last Runtime    Last Run
--------------------------------------  -----  ---------  --------  ----------  --------------  -------------------
/opt/airflow/dags/bayir_express_etl.py                           1           0  1.41s           2025-08-14T13:17:42
================================================================================
[2025-08-14T13:18:22.612+0000] {manager.py:879} INFO - 
================================================================================
DAG File Processing Stats

File Path                               PID    Runtime      # DAGs    # Errors  Last Runtime    Last Run
--------------------------------------  -----  ---------  --------  ----------  --------------  -------------------
/opt/airflow/dags/bayir_express_etl.py                           1           0  1.11s           2025-08-14T13:18:22
================================================================================
[2025-08-14T13:18:56.604+0000] {manager.py:738} INFO - Searching for files in /opt/airflow/dags
[2025-08-14T13:18:56.654+0000] {manager.py:741} INFO - There are 1 files in /opt/airflow/dags
[2025-08-14T13:18:57.907+0000] {manager.py:879} INFO - 
================================================================================
DAG File Processing Stats

File Path                               PID    Runtime      # DAGs    # Errors  Last Runtime    Last Run
--------------------------------------  -----  ---------  --------  ----------  --------------  -------------------
/opt/airflow/dags/bayir_express_etl.py                           1           0  1.21s           2025-08-14T13:18:57
================================================================================
[2025-08-14T13:19:29.940+0000] {manager.py:879} INFO - 
================================================================================
DAG File Processing Stats

File Path                               PID    Runtime      # DAGs    # Errors  Last Runtime    Last Run
--------------------------------------  -----  ---------  --------  ----------  --------------  -------------------
/opt/airflow/dags/bayir_express_etl.py                           1           0  1.11s           2025-08-14T13:19:29
================================================================================
[2025-08-14T13:20:01.140+0000] {manager.py:879} INFO - 
================================================================================
DAG File Processing Stats

File Path                               PID    Runtime      # DAGs    # Errors  Last Runtime    Last Run
--------------------------------------  -----  ---------  --------  ----------  --------------  -------------------
/opt/airflow/dags/bayir_express_etl.py                           1           0  1.11s           2025-08-14T13:20:01
================================================================================
[2025-08-14T13:20:33.722+0000] {manager.py:879} INFO - 
================================================================================
DAG File Processing Stats

File Path                               PID    Runtime      # DAGs    # Errors  Last Runtime    Last Run
--------------------------------------  -----  ---------  --------  ----------  --------------  -------------------
/opt/airflow/dags/bayir_express_etl.py                           1           0  1.52s           2025-08-14T13:20:33
================================================================================
[2025-08-14T13:21:05.291+0000] {manager.py:879} INFO - 
================================================================================
DAG File Processing Stats

File Path                               PID    Runtime      # DAGs    # Errors  Last Runtime    Last Run
--------------------------------------  -----  ---------  --------  ----------  --------------  -------------------
/opt/airflow/dags/bayir_express_etl.py                           1           0  1.12s           2025-08-14T13:21:05
================================================================================
[2025-08-14T13:21:36.613+0000] {manager.py:879} INFO - 
================================================================================
DAG File Processing Stats

File Path                               PID    Runtime      # DAGs    # Errors  Last Runtime    Last Run
--------------------------------------  -----  ---------  --------  ----------  --------------  -------------------
/opt/airflow/dags/bayir_express_etl.py                           1           0  1.21s           2025-08-14T13:21:36
================================================================================
[2025-08-14T13:22:08.374+0000] {manager.py:879} INFO - 
================================================================================
DAG File Processing Stats

File Path                               PID    Runtime      # DAGs    # Errors  Last Runtime    Last Run
--------------------------------------  -----  ---------  --------  ----------  --------------  -------------------
/opt/airflow/dags/bayir_express_etl.py                           1           0  1.61s           2025-08-14T13:22:08
================================================================================
[2025-08-14T13:22:39.730+0000] {manager.py:879} INFO - 
================================================================================
DAG File Processing Stats

File Path                               PID    Runtime      # DAGs    # Errors  Last Runtime    Last Run
--------------------------------------  -----  ---------  --------  ----------  --------------  -------------------
/opt/airflow/dags/bayir_express_etl.py                           1           0  1.21s           2025-08-14T13:22:39
================================================================================
[2025-08-14T13:23:10.987+0000] {manager.py:879} INFO - 
================================================================================
DAG File Processing Stats

File Path                               PID    Runtime      # DAGs    # Errors  Last Runtime    Last Run
--------------------------------------  -----  ---------  --------  ----------  --------------  -------------------
/opt/airflow/dags/bayir_express_etl.py                           1           0  1.11s           2025-08-14T13:23:10
================================================================================
[2025-08-14T13:23:42.255+0000] {manager.py:879} INFO - 
================================================================================
DAG File Processing Stats

File Path                               PID    Runtime      # DAGs    # Errors  Last Runtime    Last Run
--------------------------------------  -----  ---------  --------  ----------  --------------  -------------------
/opt/airflow/dags/bayir_express_etl.py                           1           0  1.13s           2025-08-14T13:23:42
================================================================================
[2025-08-14T13:23:56.611+0000] {manager.py:738} INFO - Searching for files in /opt/airflow/dags
[2025-08-14T13:23:56.659+0000] {manager.py:741} INFO - There are 1 files in /opt/airflow/dags
[2025-08-14T13:24:13.614+0000] {manager.py:879} INFO - 
================================================================================
DAG File Processing Stats

File Path                               PID    Runtime      # DAGs    # Errors  Last Runtime    Last Run
--------------------------------------  -----  ---------  --------  ----------  --------------  -------------------
/opt/airflow/dags/bayir_express_etl.py                           1           0  1.21s           2025-08-14T13:24:13
================================================================================
[2025-08-14T13:24:44.976+0000] {manager.py:879} INFO - 
================================================================================
DAG File Processing Stats

File Path                               PID    Runtime      # DAGs    # Errors  Last Runtime    Last Run
--------------------------------------  -----  ---------  --------  ----------  --------------  -------------------
/opt/airflow/dags/bayir_express_etl.py                           1           0  1.22s           2025-08-14T13:24:44
================================================================================
