[2025-08-14T12:37:29.534+0000] {processor.py:161} INFO - Started process (PID=46) to work on /opt/airflow/dags/bayir_express_etl.py
[2025-08-14T12:37:29.537+0000] {processor.py:830} INFO - Processing file /opt/airflow/dags/bayir_express_etl.py for tasks to queue
[2025-08-14T12:37:29.540+0000] {logging_mixin.py:188} INFO - [2025-08-14T12:37:29.539+0000] {dagbag.py:538} INFO - Filling up the DagBag from /opt/airflow/dags/bayir_express_etl.py
[2025-08-14T12:37:29.600+0000] {logging_mixin.py:188} INFO - [2025-08-14T12:37:29.587+0000] {dagbag.py:348} ERROR - Failed to import: /opt/airflow/dags/bayir_express_etl.py
Traceback (most recent call last):
  File "/home/airflow/.local/lib/python3.8/site-packages/airflow/models/dagbag.py", line 344, in parse
    loader.exec_module(new_module)
  File "<frozen importlib._bootstrap_external>", line 843, in exec_module
  File "<frozen importlib._bootstrap>", line 219, in _call_with_frames_removed
  File "/opt/airflow/dags/bayir_express_etl.py", line 4, in <module>
    from etl.extract import extract_collection
  File "/opt/airflow/project/etl/extract.py", line 1, in <module>
    from pymongo import MongoClient
ModuleNotFoundError: No module named 'pymongo'
[2025-08-14T12:37:29.603+0000] {processor.py:842} WARNING - No viable dags retrieved from /opt/airflow/dags/bayir_express_etl.py
[2025-08-14T12:37:29.823+0000] {processor.py:183} INFO - Processing /opt/airflow/dags/bayir_express_etl.py took 0.298 seconds
[2025-08-14T12:38:00.618+0000] {processor.py:161} INFO - Started process (PID=52) to work on /opt/airflow/dags/bayir_express_etl.py
[2025-08-14T12:38:00.621+0000] {processor.py:830} INFO - Processing file /opt/airflow/dags/bayir_express_etl.py for tasks to queue
[2025-08-14T12:38:00.624+0000] {logging_mixin.py:188} INFO - [2025-08-14T12:38:00.623+0000] {dagbag.py:538} INFO - Filling up the DagBag from /opt/airflow/dags/bayir_express_etl.py
[2025-08-14T12:38:00.683+0000] {logging_mixin.py:188} INFO - [2025-08-14T12:38:00.672+0000] {dagbag.py:348} ERROR - Failed to import: /opt/airflow/dags/bayir_express_etl.py
Traceback (most recent call last):
  File "/home/airflow/.local/lib/python3.8/site-packages/airflow/models/dagbag.py", line 344, in parse
    loader.exec_module(new_module)
  File "<frozen importlib._bootstrap_external>", line 843, in exec_module
  File "<frozen importlib._bootstrap>", line 219, in _call_with_frames_removed
  File "/opt/airflow/dags/bayir_express_etl.py", line 4, in <module>
    from etl.extract import extract_collection
  File "/opt/airflow/project/etl/extract.py", line 1, in <module>
    from pymongo import MongoClient
ModuleNotFoundError: No module named 'pymongo'
[2025-08-14T12:38:00.686+0000] {processor.py:842} WARNING - No viable dags retrieved from /opt/airflow/dags/bayir_express_etl.py
[2025-08-14T12:38:00.739+0000] {processor.py:183} INFO - Processing /opt/airflow/dags/bayir_express_etl.py took 0.128 seconds
[2025-08-14T12:38:31.124+0000] {processor.py:161} INFO - Started process (PID=54) to work on /opt/airflow/dags/bayir_express_etl.py
[2025-08-14T12:38:31.127+0000] {processor.py:830} INFO - Processing file /opt/airflow/dags/bayir_express_etl.py for tasks to queue
[2025-08-14T12:38:31.129+0000] {logging_mixin.py:188} INFO - [2025-08-14T12:38:31.128+0000] {dagbag.py:538} INFO - Filling up the DagBag from /opt/airflow/dags/bayir_express_etl.py
[2025-08-14T12:38:31.195+0000] {logging_mixin.py:188} INFO - [2025-08-14T12:38:31.184+0000] {dagbag.py:348} ERROR - Failed to import: /opt/airflow/dags/bayir_express_etl.py
Traceback (most recent call last):
  File "/home/airflow/.local/lib/python3.8/site-packages/airflow/models/dagbag.py", line 344, in parse
    loader.exec_module(new_module)
  File "<frozen importlib._bootstrap_external>", line 843, in exec_module
  File "<frozen importlib._bootstrap>", line 219, in _call_with_frames_removed
  File "/opt/airflow/dags/bayir_express_etl.py", line 4, in <module>
    from etl.extract import extract_collection
  File "/opt/airflow/project/etl/extract.py", line 1, in <module>
    from pymongo import MongoClient
ModuleNotFoundError: No module named 'pymongo'
[2025-08-14T12:38:31.198+0000] {processor.py:842} WARNING - No viable dags retrieved from /opt/airflow/dags/bayir_express_etl.py
[2025-08-14T12:38:31.239+0000] {processor.py:183} INFO - Processing /opt/airflow/dags/bayir_express_etl.py took 0.120 seconds
[2025-08-14T12:39:01.613+0000] {processor.py:161} INFO - Started process (PID=55) to work on /opt/airflow/dags/bayir_express_etl.py
[2025-08-14T12:39:01.616+0000] {processor.py:830} INFO - Processing file /opt/airflow/dags/bayir_express_etl.py for tasks to queue
[2025-08-14T12:39:01.618+0000] {logging_mixin.py:188} INFO - [2025-08-14T12:39:01.618+0000] {dagbag.py:538} INFO - Filling up the DagBag from /opt/airflow/dags/bayir_express_etl.py
[2025-08-14T12:39:01.721+0000] {logging_mixin.py:188} INFO - [2025-08-14T12:39:01.696+0000] {dagbag.py:348} ERROR - Failed to import: /opt/airflow/dags/bayir_express_etl.py
Traceback (most recent call last):
  File "/home/airflow/.local/lib/python3.8/site-packages/airflow/models/dagbag.py", line 344, in parse
    loader.exec_module(new_module)
  File "<frozen importlib._bootstrap_external>", line 843, in exec_module
  File "<frozen importlib._bootstrap>", line 219, in _call_with_frames_removed
  File "/opt/airflow/dags/bayir_express_etl.py", line 4, in <module>
    from etl.extract import extract_collection
  File "/opt/airflow/project/etl/extract.py", line 1, in <module>
    from pymongo import MongoClient
ModuleNotFoundError: No module named 'pymongo'
[2025-08-14T12:39:01.729+0000] {processor.py:842} WARNING - No viable dags retrieved from /opt/airflow/dags/bayir_express_etl.py
[2025-08-14T12:39:01.775+0000] {processor.py:183} INFO - Processing /opt/airflow/dags/bayir_express_etl.py took 0.168 seconds
[2025-08-14T12:39:32.061+0000] {processor.py:161} INFO - Started process (PID=56) to work on /opt/airflow/dags/bayir_express_etl.py
[2025-08-14T12:39:32.064+0000] {processor.py:830} INFO - Processing file /opt/airflow/dags/bayir_express_etl.py for tasks to queue
[2025-08-14T12:39:32.066+0000] {logging_mixin.py:188} INFO - [2025-08-14T12:39:32.065+0000] {dagbag.py:538} INFO - Filling up the DagBag from /opt/airflow/dags/bayir_express_etl.py
[2025-08-14T12:39:32.132+0000] {logging_mixin.py:188} INFO - [2025-08-14T12:39:32.121+0000] {dagbag.py:348} ERROR - Failed to import: /opt/airflow/dags/bayir_express_etl.py
Traceback (most recent call last):
  File "/home/airflow/.local/lib/python3.8/site-packages/airflow/models/dagbag.py", line 344, in parse
    loader.exec_module(new_module)
  File "<frozen importlib._bootstrap_external>", line 843, in exec_module
  File "<frozen importlib._bootstrap>", line 219, in _call_with_frames_removed
  File "/opt/airflow/dags/bayir_express_etl.py", line 4, in <module>
    from etl.extract import extract_collection
  File "/opt/airflow/project/etl/extract.py", line 1, in <module>
    from pymongo import MongoClient
ModuleNotFoundError: No module named 'pymongo'
[2025-08-14T12:39:32.137+0000] {processor.py:842} WARNING - No viable dags retrieved from /opt/airflow/dags/bayir_express_etl.py
[2025-08-14T12:39:32.181+0000] {processor.py:183} INFO - Processing /opt/airflow/dags/bayir_express_etl.py took 0.127 seconds
[2025-08-14T12:40:02.549+0000] {processor.py:161} INFO - Started process (PID=57) to work on /opt/airflow/dags/bayir_express_etl.py
[2025-08-14T12:40:02.551+0000] {processor.py:830} INFO - Processing file /opt/airflow/dags/bayir_express_etl.py for tasks to queue
[2025-08-14T12:40:02.554+0000] {logging_mixin.py:188} INFO - [2025-08-14T12:40:02.553+0000] {dagbag.py:538} INFO - Filling up the DagBag from /opt/airflow/dags/bayir_express_etl.py
[2025-08-14T12:40:02.636+0000] {logging_mixin.py:188} INFO - [2025-08-14T12:40:02.625+0000] {dagbag.py:348} ERROR - Failed to import: /opt/airflow/dags/bayir_express_etl.py
Traceback (most recent call last):
  File "/home/airflow/.local/lib/python3.8/site-packages/airflow/models/dagbag.py", line 344, in parse
    loader.exec_module(new_module)
  File "<frozen importlib._bootstrap_external>", line 843, in exec_module
  File "<frozen importlib._bootstrap>", line 219, in _call_with_frames_removed
  File "/opt/airflow/dags/bayir_express_etl.py", line 4, in <module>
    from etl.extract import extract_collection
  File "/opt/airflow/project/etl/extract.py", line 1, in <module>
    from pymongo import MongoClient
ModuleNotFoundError: No module named 'pymongo'
[2025-08-14T12:40:02.640+0000] {processor.py:842} WARNING - No viable dags retrieved from /opt/airflow/dags/bayir_express_etl.py
[2025-08-14T12:40:02.683+0000] {processor.py:183} INFO - Processing /opt/airflow/dags/bayir_express_etl.py took 0.140 seconds
[2025-08-14T12:40:33.008+0000] {processor.py:161} INFO - Started process (PID=58) to work on /opt/airflow/dags/bayir_express_etl.py
[2025-08-14T12:40:33.010+0000] {processor.py:830} INFO - Processing file /opt/airflow/dags/bayir_express_etl.py for tasks to queue
[2025-08-14T12:40:33.012+0000] {logging_mixin.py:188} INFO - [2025-08-14T12:40:33.011+0000] {dagbag.py:538} INFO - Filling up the DagBag from /opt/airflow/dags/bayir_express_etl.py
[2025-08-14T12:40:33.073+0000] {logging_mixin.py:188} INFO - [2025-08-14T12:40:33.062+0000] {dagbag.py:348} ERROR - Failed to import: /opt/airflow/dags/bayir_express_etl.py
Traceback (most recent call last):
  File "/home/airflow/.local/lib/python3.8/site-packages/airflow/models/dagbag.py", line 344, in parse
    loader.exec_module(new_module)
  File "<frozen importlib._bootstrap_external>", line 843, in exec_module
  File "<frozen importlib._bootstrap>", line 219, in _call_with_frames_removed
  File "/opt/airflow/dags/bayir_express_etl.py", line 4, in <module>
    from etl.extract import extract_collection
  File "/opt/airflow/project/etl/extract.py", line 1, in <module>
    from pymongo import MongoClient
ModuleNotFoundError: No module named 'pymongo'
[2025-08-14T12:40:33.077+0000] {processor.py:842} WARNING - No viable dags retrieved from /opt/airflow/dags/bayir_express_etl.py
[2025-08-14T12:40:33.118+0000] {processor.py:183} INFO - Processing /opt/airflow/dags/bayir_express_etl.py took 0.115 seconds
[2025-08-14T12:41:03.481+0000] {processor.py:161} INFO - Started process (PID=59) to work on /opt/airflow/dags/bayir_express_etl.py
[2025-08-14T12:41:03.484+0000] {processor.py:830} INFO - Processing file /opt/airflow/dags/bayir_express_etl.py for tasks to queue
[2025-08-14T12:41:03.486+0000] {logging_mixin.py:188} INFO - [2025-08-14T12:41:03.485+0000] {dagbag.py:538} INFO - Filling up the DagBag from /opt/airflow/dags/bayir_express_etl.py
[2025-08-14T12:41:03.544+0000] {logging_mixin.py:188} INFO - [2025-08-14T12:41:03.533+0000] {dagbag.py:348} ERROR - Failed to import: /opt/airflow/dags/bayir_express_etl.py
Traceback (most recent call last):
  File "/home/airflow/.local/lib/python3.8/site-packages/airflow/models/dagbag.py", line 344, in parse
    loader.exec_module(new_module)
  File "<frozen importlib._bootstrap_external>", line 843, in exec_module
  File "<frozen importlib._bootstrap>", line 219, in _call_with_frames_removed
  File "/opt/airflow/dags/bayir_express_etl.py", line 4, in <module>
    from etl.extract import extract_collection
  File "/opt/airflow/project/etl/extract.py", line 1, in <module>
    from pymongo import MongoClient
ModuleNotFoundError: No module named 'pymongo'
[2025-08-14T12:41:03.547+0000] {processor.py:842} WARNING - No viable dags retrieved from /opt/airflow/dags/bayir_express_etl.py
[2025-08-14T12:41:03.590+0000] {processor.py:183} INFO - Processing /opt/airflow/dags/bayir_express_etl.py took 0.114 seconds
[2025-08-14T12:41:33.944+0000] {processor.py:161} INFO - Started process (PID=60) to work on /opt/airflow/dags/bayir_express_etl.py
[2025-08-14T12:41:33.947+0000] {processor.py:830} INFO - Processing file /opt/airflow/dags/bayir_express_etl.py for tasks to queue
[2025-08-14T12:41:33.949+0000] {logging_mixin.py:188} INFO - [2025-08-14T12:41:33.949+0000] {dagbag.py:538} INFO - Filling up the DagBag from /opt/airflow/dags/bayir_express_etl.py
[2025-08-14T12:41:34.018+0000] {logging_mixin.py:188} INFO - [2025-08-14T12:41:34.005+0000] {dagbag.py:348} ERROR - Failed to import: /opt/airflow/dags/bayir_express_etl.py
Traceback (most recent call last):
  File "/home/airflow/.local/lib/python3.8/site-packages/airflow/models/dagbag.py", line 344, in parse
    loader.exec_module(new_module)
  File "<frozen importlib._bootstrap_external>", line 843, in exec_module
  File "<frozen importlib._bootstrap>", line 219, in _call_with_frames_removed
  File "/opt/airflow/dags/bayir_express_etl.py", line 4, in <module>
    from etl.extract import extract_collection
  File "/opt/airflow/project/etl/extract.py", line 1, in <module>
    from pymongo import MongoClient
ModuleNotFoundError: No module named 'pymongo'
[2025-08-14T12:41:34.022+0000] {processor.py:842} WARNING - No viable dags retrieved from /opt/airflow/dags/bayir_express_etl.py
[2025-08-14T12:41:34.068+0000] {processor.py:183} INFO - Processing /opt/airflow/dags/bayir_express_etl.py took 0.130 seconds
[2025-08-14T12:42:04.457+0000] {processor.py:161} INFO - Started process (PID=61) to work on /opt/airflow/dags/bayir_express_etl.py
[2025-08-14T12:42:04.460+0000] {processor.py:830} INFO - Processing file /opt/airflow/dags/bayir_express_etl.py for tasks to queue
[2025-08-14T12:42:04.462+0000] {logging_mixin.py:188} INFO - [2025-08-14T12:42:04.462+0000] {dagbag.py:538} INFO - Filling up the DagBag from /opt/airflow/dags/bayir_express_etl.py
[2025-08-14T12:42:04.511+0000] {logging_mixin.py:188} INFO - [2025-08-14T12:42:04.501+0000] {dagbag.py:348} ERROR - Failed to import: /opt/airflow/dags/bayir_express_etl.py
Traceback (most recent call last):
  File "/home/airflow/.local/lib/python3.8/site-packages/airflow/models/dagbag.py", line 344, in parse
    loader.exec_module(new_module)
  File "<frozen importlib._bootstrap_external>", line 843, in exec_module
  File "<frozen importlib._bootstrap>", line 219, in _call_with_frames_removed
  File "/opt/airflow/dags/bayir_express_etl.py", line 4, in <module>
    from etl.extract import extract_collection
  File "/opt/airflow/project/etl/extract.py", line 1, in <module>
    from pymongo import MongoClient
ModuleNotFoundError: No module named 'pymongo'
[2025-08-14T12:42:04.515+0000] {processor.py:842} WARNING - No viable dags retrieved from /opt/airflow/dags/bayir_express_etl.py
[2025-08-14T12:42:04.554+0000] {processor.py:183} INFO - Processing /opt/airflow/dags/bayir_express_etl.py took 0.103 seconds
[2025-08-14T12:42:34.948+0000] {processor.py:161} INFO - Started process (PID=62) to work on /opt/airflow/dags/bayir_express_etl.py
[2025-08-14T12:42:34.950+0000] {processor.py:830} INFO - Processing file /opt/airflow/dags/bayir_express_etl.py for tasks to queue
[2025-08-14T12:42:34.952+0000] {logging_mixin.py:188} INFO - [2025-08-14T12:42:34.951+0000] {dagbag.py:538} INFO - Filling up the DagBag from /opt/airflow/dags/bayir_express_etl.py
[2025-08-14T12:42:35.032+0000] {logging_mixin.py:188} INFO - [2025-08-14T12:42:35.015+0000] {dagbag.py:348} ERROR - Failed to import: /opt/airflow/dags/bayir_express_etl.py
Traceback (most recent call last):
  File "/home/airflow/.local/lib/python3.8/site-packages/airflow/models/dagbag.py", line 344, in parse
    loader.exec_module(new_module)
  File "<frozen importlib._bootstrap_external>", line 843, in exec_module
  File "<frozen importlib._bootstrap>", line 219, in _call_with_frames_removed
  File "/opt/airflow/dags/bayir_express_etl.py", line 4, in <module>
    from etl.extract import extract_collection
  File "/opt/airflow/project/etl/extract.py", line 1, in <module>
    from pymongo import MongoClient
ModuleNotFoundError: No module named 'pymongo'
[2025-08-14T12:42:35.036+0000] {processor.py:842} WARNING - No viable dags retrieved from /opt/airflow/dags/bayir_express_etl.py
[2025-08-14T12:42:35.076+0000] {processor.py:183} INFO - Processing /opt/airflow/dags/bayir_express_etl.py took 0.135 seconds
[2025-08-14T12:43:05.405+0000] {processor.py:161} INFO - Started process (PID=63) to work on /opt/airflow/dags/bayir_express_etl.py
[2025-08-14T12:43:05.408+0000] {processor.py:830} INFO - Processing file /opt/airflow/dags/bayir_express_etl.py for tasks to queue
[2025-08-14T12:43:05.410+0000] {logging_mixin.py:188} INFO - [2025-08-14T12:43:05.409+0000] {dagbag.py:538} INFO - Filling up the DagBag from /opt/airflow/dags/bayir_express_etl.py
[2025-08-14T12:43:05.465+0000] {logging_mixin.py:188} INFO - [2025-08-14T12:43:05.455+0000] {dagbag.py:348} ERROR - Failed to import: /opt/airflow/dags/bayir_express_etl.py
Traceback (most recent call last):
  File "/home/airflow/.local/lib/python3.8/site-packages/airflow/models/dagbag.py", line 344, in parse
    loader.exec_module(new_module)
  File "<frozen importlib._bootstrap_external>", line 843, in exec_module
  File "<frozen importlib._bootstrap>", line 219, in _call_with_frames_removed
  File "/opt/airflow/dags/bayir_express_etl.py", line 4, in <module>
    from etl.extract import extract_collection
  File "/opt/airflow/project/etl/extract.py", line 1, in <module>
    from pymongo import MongoClient
ModuleNotFoundError: No module named 'pymongo'
[2025-08-14T12:43:05.467+0000] {processor.py:842} WARNING - No viable dags retrieved from /opt/airflow/dags/bayir_express_etl.py
[2025-08-14T12:43:05.510+0000] {processor.py:183} INFO - Processing /opt/airflow/dags/bayir_express_etl.py took 0.110 seconds
[2025-08-14T12:43:35.905+0000] {processor.py:161} INFO - Started process (PID=64) to work on /opt/airflow/dags/bayir_express_etl.py
[2025-08-14T12:43:35.907+0000] {processor.py:830} INFO - Processing file /opt/airflow/dags/bayir_express_etl.py for tasks to queue
[2025-08-14T12:43:35.909+0000] {logging_mixin.py:188} INFO - [2025-08-14T12:43:35.909+0000] {dagbag.py:538} INFO - Filling up the DagBag from /opt/airflow/dags/bayir_express_etl.py
[2025-08-14T12:43:36.014+0000] {logging_mixin.py:188} INFO - [2025-08-14T12:43:35.991+0000] {dagbag.py:348} ERROR - Failed to import: /opt/airflow/dags/bayir_express_etl.py
Traceback (most recent call last):
  File "/home/airflow/.local/lib/python3.8/site-packages/airflow/models/dagbag.py", line 344, in parse
    loader.exec_module(new_module)
  File "<frozen importlib._bootstrap_external>", line 843, in exec_module
  File "<frozen importlib._bootstrap>", line 219, in _call_with_frames_removed
  File "/opt/airflow/dags/bayir_express_etl.py", line 4, in <module>
    from etl.extract import extract_collection
  File "/opt/airflow/project/etl/extract.py", line 1, in <module>
    from pymongo import MongoClient
ModuleNotFoundError: No module named 'pymongo'
[2025-08-14T12:43:36.021+0000] {processor.py:842} WARNING - No viable dags retrieved from /opt/airflow/dags/bayir_express_etl.py
[2025-08-14T12:43:36.063+0000] {processor.py:183} INFO - Processing /opt/airflow/dags/bayir_express_etl.py took 0.163 seconds
[2025-08-14T12:44:06.378+0000] {processor.py:161} INFO - Started process (PID=65) to work on /opt/airflow/dags/bayir_express_etl.py
[2025-08-14T12:44:06.380+0000] {processor.py:830} INFO - Processing file /opt/airflow/dags/bayir_express_etl.py for tasks to queue
[2025-08-14T12:44:06.383+0000] {logging_mixin.py:188} INFO - [2025-08-14T12:44:06.382+0000] {dagbag.py:538} INFO - Filling up the DagBag from /opt/airflow/dags/bayir_express_etl.py
[2025-08-14T12:44:06.454+0000] {logging_mixin.py:188} INFO - [2025-08-14T12:44:06.441+0000] {dagbag.py:348} ERROR - Failed to import: /opt/airflow/dags/bayir_express_etl.py
Traceback (most recent call last):
  File "/home/airflow/.local/lib/python3.8/site-packages/airflow/models/dagbag.py", line 344, in parse
    loader.exec_module(new_module)
  File "<frozen importlib._bootstrap_external>", line 843, in exec_module
  File "<frozen importlib._bootstrap>", line 219, in _call_with_frames_removed
  File "/opt/airflow/dags/bayir_express_etl.py", line 4, in <module>
    from etl.extract import extract_collection
  File "/opt/airflow/project/etl/extract.py", line 1, in <module>
    from pymongo import MongoClient
ModuleNotFoundError: No module named 'pymongo'
[2025-08-14T12:44:06.458+0000] {processor.py:842} WARNING - No viable dags retrieved from /opt/airflow/dags/bayir_express_etl.py
[2025-08-14T12:44:06.500+0000] {processor.py:183} INFO - Processing /opt/airflow/dags/bayir_express_etl.py took 0.128 seconds
[2025-08-14T12:44:36.849+0000] {processor.py:161} INFO - Started process (PID=66) to work on /opt/airflow/dags/bayir_express_etl.py
[2025-08-14T12:44:36.851+0000] {processor.py:830} INFO - Processing file /opt/airflow/dags/bayir_express_etl.py for tasks to queue
[2025-08-14T12:44:36.854+0000] {logging_mixin.py:188} INFO - [2025-08-14T12:44:36.853+0000] {dagbag.py:538} INFO - Filling up the DagBag from /opt/airflow/dags/bayir_express_etl.py
[2025-08-14T12:44:36.945+0000] {logging_mixin.py:188} INFO - [2025-08-14T12:44:36.925+0000] {dagbag.py:348} ERROR - Failed to import: /opt/airflow/dags/bayir_express_etl.py
Traceback (most recent call last):
  File "/home/airflow/.local/lib/python3.8/site-packages/airflow/models/dagbag.py", line 344, in parse
    loader.exec_module(new_module)
  File "<frozen importlib._bootstrap_external>", line 843, in exec_module
  File "<frozen importlib._bootstrap>", line 219, in _call_with_frames_removed
  File "/opt/airflow/dags/bayir_express_etl.py", line 4, in <module>
    from etl.extract import extract_collection
  File "/opt/airflow/project/etl/extract.py", line 1, in <module>
    from pymongo import MongoClient
ModuleNotFoundError: No module named 'pymongo'
[2025-08-14T12:44:36.953+0000] {processor.py:842} WARNING - No viable dags retrieved from /opt/airflow/dags/bayir_express_etl.py
[2025-08-14T12:44:36.994+0000] {processor.py:183} INFO - Processing /opt/airflow/dags/bayir_express_etl.py took 0.152 seconds
[2025-08-14T12:45:07.492+0000] {processor.py:161} INFO - Started process (PID=67) to work on /opt/airflow/dags/bayir_express_etl.py
[2025-08-14T12:45:07.497+0000] {processor.py:830} INFO - Processing file /opt/airflow/dags/bayir_express_etl.py for tasks to queue
[2025-08-14T12:45:07.509+0000] {logging_mixin.py:188} INFO - [2025-08-14T12:45:07.508+0000] {dagbag.py:538} INFO - Filling up the DagBag from /opt/airflow/dags/bayir_express_etl.py
[2025-08-14T12:45:07.575+0000] {logging_mixin.py:188} INFO - [2025-08-14T12:45:07.564+0000] {dagbag.py:348} ERROR - Failed to import: /opt/airflow/dags/bayir_express_etl.py
Traceback (most recent call last):
  File "/home/airflow/.local/lib/python3.8/site-packages/airflow/models/dagbag.py", line 344, in parse
    loader.exec_module(new_module)
  File "<frozen importlib._bootstrap_external>", line 843, in exec_module
  File "<frozen importlib._bootstrap>", line 219, in _call_with_frames_removed
  File "/opt/airflow/dags/bayir_express_etl.py", line 4, in <module>
    from etl.extract import extract_collection
  File "/opt/airflow/project/etl/extract.py", line 1, in <module>
    from pymongo import MongoClient
ModuleNotFoundError: No module named 'pymongo'
[2025-08-14T12:45:07.579+0000] {processor.py:842} WARNING - No viable dags retrieved from /opt/airflow/dags/bayir_express_etl.py
[2025-08-14T12:45:07.619+0000] {processor.py:183} INFO - Processing /opt/airflow/dags/bayir_express_etl.py took 0.133 seconds
[2025-08-14T12:45:37.842+0000] {processor.py:161} INFO - Started process (PID=68) to work on /opt/airflow/dags/bayir_express_etl.py
[2025-08-14T12:45:37.845+0000] {processor.py:830} INFO - Processing file /opt/airflow/dags/bayir_express_etl.py for tasks to queue
[2025-08-14T12:45:37.847+0000] {logging_mixin.py:188} INFO - [2025-08-14T12:45:37.846+0000] {dagbag.py:538} INFO - Filling up the DagBag from /opt/airflow/dags/bayir_express_etl.py
[2025-08-14T12:45:37.917+0000] {logging_mixin.py:188} INFO - [2025-08-14T12:45:37.897+0000] {dagbag.py:348} ERROR - Failed to import: /opt/airflow/dags/bayir_express_etl.py
Traceback (most recent call last):
  File "/home/airflow/.local/lib/python3.8/site-packages/airflow/models/dagbag.py", line 344, in parse
    loader.exec_module(new_module)
  File "<frozen importlib._bootstrap_external>", line 843, in exec_module
  File "<frozen importlib._bootstrap>", line 219, in _call_with_frames_removed
  File "/opt/airflow/dags/bayir_express_etl.py", line 4, in <module>
    from etl.extract import extract_collection
  File "/opt/airflow/project/etl/extract.py", line 1, in <module>
    from pymongo import MongoClient
ModuleNotFoundError: No module named 'pymongo'
[2025-08-14T12:45:37.921+0000] {processor.py:842} WARNING - No viable dags retrieved from /opt/airflow/dags/bayir_express_etl.py
[2025-08-14T12:45:37.966+0000] {processor.py:183} INFO - Processing /opt/airflow/dags/bayir_express_etl.py took 0.129 seconds
[2025-08-14T12:46:08.246+0000] {processor.py:161} INFO - Started process (PID=69) to work on /opt/airflow/dags/bayir_express_etl.py
[2025-08-14T12:46:08.249+0000] {processor.py:830} INFO - Processing file /opt/airflow/dags/bayir_express_etl.py for tasks to queue
[2025-08-14T12:46:08.252+0000] {logging_mixin.py:188} INFO - [2025-08-14T12:46:08.251+0000] {dagbag.py:538} INFO - Filling up the DagBag from /opt/airflow/dags/bayir_express_etl.py
[2025-08-14T12:46:08.316+0000] {logging_mixin.py:188} INFO - [2025-08-14T12:46:08.306+0000] {dagbag.py:348} ERROR - Failed to import: /opt/airflow/dags/bayir_express_etl.py
Traceback (most recent call last):
  File "/home/airflow/.local/lib/python3.8/site-packages/airflow/models/dagbag.py", line 344, in parse
    loader.exec_module(new_module)
  File "<frozen importlib._bootstrap_external>", line 843, in exec_module
  File "<frozen importlib._bootstrap>", line 219, in _call_with_frames_removed
  File "/opt/airflow/dags/bayir_express_etl.py", line 4, in <module>
    from etl.extract import extract_collection
  File "/opt/airflow/project/etl/extract.py", line 1, in <module>
    from pymongo import MongoClient
ModuleNotFoundError: No module named 'pymongo'
[2025-08-14T12:46:08.319+0000] {processor.py:842} WARNING - No viable dags retrieved from /opt/airflow/dags/bayir_express_etl.py
[2025-08-14T12:46:08.363+0000] {processor.py:183} INFO - Processing /opt/airflow/dags/bayir_express_etl.py took 0.122 seconds
[2025-08-14T12:46:38.747+0000] {processor.py:161} INFO - Started process (PID=70) to work on /opt/airflow/dags/bayir_express_etl.py
[2025-08-14T12:46:38.749+0000] {processor.py:830} INFO - Processing file /opt/airflow/dags/bayir_express_etl.py for tasks to queue
[2025-08-14T12:46:38.751+0000] {logging_mixin.py:188} INFO - [2025-08-14T12:46:38.751+0000] {dagbag.py:538} INFO - Filling up the DagBag from /opt/airflow/dags/bayir_express_etl.py
[2025-08-14T12:46:38.828+0000] {logging_mixin.py:188} INFO - [2025-08-14T12:46:38.816+0000] {dagbag.py:348} ERROR - Failed to import: /opt/airflow/dags/bayir_express_etl.py
Traceback (most recent call last):
  File "/home/airflow/.local/lib/python3.8/site-packages/airflow/models/dagbag.py", line 344, in parse
    loader.exec_module(new_module)
  File "<frozen importlib._bootstrap_external>", line 843, in exec_module
  File "<frozen importlib._bootstrap>", line 219, in _call_with_frames_removed
  File "/opt/airflow/dags/bayir_express_etl.py", line 4, in <module>
    from etl.extract import extract_collection
  File "/opt/airflow/project/etl/extract.py", line 1, in <module>
    from pymongo import MongoClient
ModuleNotFoundError: No module named 'pymongo'
[2025-08-14T12:46:38.833+0000] {processor.py:842} WARNING - No viable dags retrieved from /opt/airflow/dags/bayir_express_etl.py
[2025-08-14T12:46:38.884+0000] {processor.py:183} INFO - Processing /opt/airflow/dags/bayir_express_etl.py took 0.143 seconds
[2025-08-14T12:47:09.212+0000] {processor.py:161} INFO - Started process (PID=71) to work on /opt/airflow/dags/bayir_express_etl.py
[2025-08-14T12:47:09.215+0000] {processor.py:830} INFO - Processing file /opt/airflow/dags/bayir_express_etl.py for tasks to queue
[2025-08-14T12:47:09.217+0000] {logging_mixin.py:188} INFO - [2025-08-14T12:47:09.216+0000] {dagbag.py:538} INFO - Filling up the DagBag from /opt/airflow/dags/bayir_express_etl.py
[2025-08-14T12:47:09.307+0000] {logging_mixin.py:188} INFO - [2025-08-14T12:47:09.285+0000] {dagbag.py:348} ERROR - Failed to import: /opt/airflow/dags/bayir_express_etl.py
Traceback (most recent call last):
  File "/home/airflow/.local/lib/python3.8/site-packages/airflow/models/dagbag.py", line 344, in parse
    loader.exec_module(new_module)
  File "<frozen importlib._bootstrap_external>", line 843, in exec_module
  File "<frozen importlib._bootstrap>", line 219, in _call_with_frames_removed
  File "/opt/airflow/dags/bayir_express_etl.py", line 4, in <module>
    from etl.extract import extract_collection
  File "/opt/airflow/project/etl/extract.py", line 1, in <module>
    from pymongo import MongoClient
ModuleNotFoundError: No module named 'pymongo'
[2025-08-14T12:47:09.316+0000] {processor.py:842} WARNING - No viable dags retrieved from /opt/airflow/dags/bayir_express_etl.py
[2025-08-14T12:47:09.378+0000] {processor.py:183} INFO - Processing /opt/airflow/dags/bayir_express_etl.py took 0.172 seconds
[2025-08-14T12:47:39.720+0000] {processor.py:161} INFO - Started process (PID=72) to work on /opt/airflow/dags/bayir_express_etl.py
[2025-08-14T12:47:39.723+0000] {processor.py:830} INFO - Processing file /opt/airflow/dags/bayir_express_etl.py for tasks to queue
[2025-08-14T12:47:39.726+0000] {logging_mixin.py:188} INFO - [2025-08-14T12:47:39.725+0000] {dagbag.py:538} INFO - Filling up the DagBag from /opt/airflow/dags/bayir_express_etl.py
[2025-08-14T12:47:39.809+0000] {logging_mixin.py:188} INFO - [2025-08-14T12:47:39.796+0000] {dagbag.py:348} ERROR - Failed to import: /opt/airflow/dags/bayir_express_etl.py
Traceback (most recent call last):
  File "/home/airflow/.local/lib/python3.8/site-packages/airflow/models/dagbag.py", line 344, in parse
    loader.exec_module(new_module)
  File "<frozen importlib._bootstrap_external>", line 843, in exec_module
  File "<frozen importlib._bootstrap>", line 219, in _call_with_frames_removed
  File "/opt/airflow/dags/bayir_express_etl.py", line 4, in <module>
    from etl.extract import extract_collection
  File "/opt/airflow/project/etl/extract.py", line 1, in <module>
    from pymongo import MongoClient
ModuleNotFoundError: No module named 'pymongo'
[2025-08-14T12:47:39.811+0000] {processor.py:842} WARNING - No viable dags retrieved from /opt/airflow/dags/bayir_express_etl.py
[2025-08-14T12:47:39.851+0000] {processor.py:183} INFO - Processing /opt/airflow/dags/bayir_express_etl.py took 0.139 seconds
[2025-08-14T12:48:10.149+0000] {processor.py:161} INFO - Started process (PID=73) to work on /opt/airflow/dags/bayir_express_etl.py
[2025-08-14T12:48:10.151+0000] {processor.py:830} INFO - Processing file /opt/airflow/dags/bayir_express_etl.py for tasks to queue
[2025-08-14T12:48:10.154+0000] {logging_mixin.py:188} INFO - [2025-08-14T12:48:10.153+0000] {dagbag.py:538} INFO - Filling up the DagBag from /opt/airflow/dags/bayir_express_etl.py
[2025-08-14T12:48:10.202+0000] {logging_mixin.py:188} INFO - [2025-08-14T12:48:10.189+0000] {dagbag.py:348} ERROR - Failed to import: /opt/airflow/dags/bayir_express_etl.py
Traceback (most recent call last):
  File "/home/airflow/.local/lib/python3.8/site-packages/airflow/models/dagbag.py", line 344, in parse
    loader.exec_module(new_module)
  File "<frozen importlib._bootstrap_external>", line 843, in exec_module
  File "<frozen importlib._bootstrap>", line 219, in _call_with_frames_removed
  File "/opt/airflow/dags/bayir_express_etl.py", line 4, in <module>
    from etl.extract import extract_collection
  File "/opt/airflow/project/etl/extract.py", line 1, in <module>
    from pymongo import MongoClient
ModuleNotFoundError: No module named 'pymongo'
[2025-08-14T12:48:10.206+0000] {processor.py:842} WARNING - No viable dags retrieved from /opt/airflow/dags/bayir_express_etl.py
[2025-08-14T12:48:10.250+0000] {processor.py:183} INFO - Processing /opt/airflow/dags/bayir_express_etl.py took 0.107 seconds
[2025-08-14T13:09:52.904+0000] {processor.py:161} INFO - Started process (PID=54) to work on /opt/airflow/dags/bayir_express_etl.py
[2025-08-14T13:09:52.907+0000] {processor.py:830} INFO - Processing file /opt/airflow/dags/bayir_express_etl.py for tasks to queue
[2025-08-14T13:09:52.910+0000] {logging_mixin.py:188} INFO - [2025-08-14T13:09:52.909+0000] {dagbag.py:538} INFO - Filling up the DagBag from /opt/airflow/dags/bayir_express_etl.py
[2025-08-14T13:09:53.720+0000] {processor.py:840} INFO - DAG(s) 'bayir_express_etl' retrieved from /opt/airflow/dags/bayir_express_etl.py
[2025-08-14T13:09:53.734+0000] {logging_mixin.py:188} INFO - [2025-08-14T13:09:53.733+0000] {dag.py:3036} INFO - Sync 1 DAGs
[2025-08-14T13:09:53.779+0000] {logging_mixin.py:188} INFO - [2025-08-14T13:09:53.779+0000] {dag.py:3823} INFO - Setting next_dagrun for bayir_express_etl to 2025-08-13 00:00:00+00:00, run_after=2025-08-14 00:00:00+00:00
[2025-08-14T13:09:53.831+0000] {processor.py:183} INFO - Processing /opt/airflow/dags/bayir_express_etl.py took 0.936 seconds
[2025-08-14T13:10:24.361+0000] {processor.py:161} INFO - Started process (PID=62) to work on /opt/airflow/dags/bayir_express_etl.py
[2025-08-14T13:10:24.364+0000] {processor.py:830} INFO - Processing file /opt/airflow/dags/bayir_express_etl.py for tasks to queue
[2025-08-14T13:10:24.367+0000] {logging_mixin.py:188} INFO - [2025-08-14T13:10:24.366+0000] {dagbag.py:538} INFO - Filling up the DagBag from /opt/airflow/dags/bayir_express_etl.py
[2025-08-14T13:10:25.223+0000] {processor.py:840} INFO - DAG(s) 'bayir_express_etl' retrieved from /opt/airflow/dags/bayir_express_etl.py
[2025-08-14T13:10:25.686+0000] {logging_mixin.py:188} INFO - [2025-08-14T13:10:25.685+0000] {dag.py:3036} INFO - Sync 1 DAGs
[2025-08-14T13:10:25.722+0000] {logging_mixin.py:188} INFO - [2025-08-14T13:10:25.720+0000] {dag.py:3823} INFO - Setting next_dagrun for bayir_express_etl to 2025-08-13 00:00:00+00:00, run_after=2025-08-14 00:00:00+00:00
[2025-08-14T13:10:25.778+0000] {processor.py:183} INFO - Processing /opt/airflow/dags/bayir_express_etl.py took 1.425 seconds
[2025-08-14T13:10:56.857+0000] {processor.py:161} INFO - Started process (PID=64) to work on /opt/airflow/dags/bayir_express_etl.py
[2025-08-14T13:10:56.860+0000] {processor.py:830} INFO - Processing file /opt/airflow/dags/bayir_express_etl.py for tasks to queue
[2025-08-14T13:10:56.862+0000] {logging_mixin.py:188} INFO - [2025-08-14T13:10:56.861+0000] {dagbag.py:538} INFO - Filling up the DagBag from /opt/airflow/dags/bayir_express_etl.py
[2025-08-14T13:10:57.719+0000] {processor.py:840} INFO - DAG(s) 'bayir_express_etl' retrieved from /opt/airflow/dags/bayir_express_etl.py
[2025-08-14T13:10:57.760+0000] {logging_mixin.py:188} INFO - [2025-08-14T13:10:57.759+0000] {dag.py:3036} INFO - Sync 1 DAGs
[2025-08-14T13:10:57.810+0000] {logging_mixin.py:188} INFO - [2025-08-14T13:10:57.810+0000] {dag.py:3823} INFO - Setting next_dagrun for bayir_express_etl to 2025-08-13 00:00:00+00:00, run_after=2025-08-14 00:00:00+00:00
[2025-08-14T13:10:58.111+0000] {processor.py:183} INFO - Processing /opt/airflow/dags/bayir_express_etl.py took 1.260 seconds
[2025-08-14T13:11:28.364+0000] {processor.py:161} INFO - Started process (PID=66) to work on /opt/airflow/dags/bayir_express_etl.py
[2025-08-14T13:11:28.367+0000] {processor.py:830} INFO - Processing file /opt/airflow/dags/bayir_express_etl.py for tasks to queue
[2025-08-14T13:11:28.369+0000] {logging_mixin.py:188} INFO - [2025-08-14T13:11:28.369+0000] {dagbag.py:538} INFO - Filling up the DagBag from /opt/airflow/dags/bayir_express_etl.py
[2025-08-14T13:11:29.130+0000] {processor.py:840} INFO - DAG(s) 'bayir_express_etl' retrieved from /opt/airflow/dags/bayir_express_etl.py
[2025-08-14T13:11:29.184+0000] {logging_mixin.py:188} INFO - [2025-08-14T13:11:29.183+0000] {dag.py:3036} INFO - Sync 1 DAGs
[2025-08-14T13:11:29.240+0000] {logging_mixin.py:188} INFO - [2025-08-14T13:11:29.239+0000] {dag.py:3823} INFO - Setting next_dagrun for bayir_express_etl to 2025-08-13 00:00:00+00:00, run_after=2025-08-14 00:00:00+00:00
[2025-08-14T13:11:29.546+0000] {processor.py:183} INFO - Processing /opt/airflow/dags/bayir_express_etl.py took 1.188 seconds
[2025-08-14T13:12:00.110+0000] {processor.py:161} INFO - Started process (PID=68) to work on /opt/airflow/dags/bayir_express_etl.py
[2025-08-14T13:12:00.112+0000] {processor.py:830} INFO - Processing file /opt/airflow/dags/bayir_express_etl.py for tasks to queue
[2025-08-14T13:12:00.115+0000] {logging_mixin.py:188} INFO - [2025-08-14T13:12:00.114+0000] {dagbag.py:538} INFO - Filling up the DagBag from /opt/airflow/dags/bayir_express_etl.py
[2025-08-14T13:12:00.872+0000] {processor.py:840} INFO - DAG(s) 'bayir_express_etl' retrieved from /opt/airflow/dags/bayir_express_etl.py
[2025-08-14T13:12:00.916+0000] {logging_mixin.py:188} INFO - [2025-08-14T13:12:00.915+0000] {dag.py:3036} INFO - Sync 1 DAGs
[2025-08-14T13:12:01.193+0000] {logging_mixin.py:188} INFO - [2025-08-14T13:12:01.192+0000] {dag.py:3823} INFO - Setting next_dagrun for bayir_express_etl to 2025-08-13 00:00:00+00:00, run_after=2025-08-14 00:00:00+00:00
[2025-08-14T13:12:01.239+0000] {processor.py:183} INFO - Processing /opt/airflow/dags/bayir_express_etl.py took 1.135 seconds
[2025-08-14T13:12:31.746+0000] {processor.py:161} INFO - Started process (PID=70) to work on /opt/airflow/dags/bayir_express_etl.py
[2025-08-14T13:12:31.749+0000] {processor.py:830} INFO - Processing file /opt/airflow/dags/bayir_express_etl.py for tasks to queue
[2025-08-14T13:12:31.751+0000] {logging_mixin.py:188} INFO - [2025-08-14T13:12:31.750+0000] {dagbag.py:538} INFO - Filling up the DagBag from /opt/airflow/dags/bayir_express_etl.py
[2025-08-14T13:12:32.514+0000] {processor.py:840} INFO - DAG(s) 'bayir_express_etl' retrieved from /opt/airflow/dags/bayir_express_etl.py
[2025-08-14T13:12:32.562+0000] {logging_mixin.py:188} INFO - [2025-08-14T13:12:32.562+0000] {dag.py:3036} INFO - Sync 1 DAGs
[2025-08-14T13:12:32.868+0000] {logging_mixin.py:188} INFO - [2025-08-14T13:12:32.867+0000] {dag.py:3823} INFO - Setting next_dagrun for bayir_express_etl to 2025-08-13 00:00:00+00:00, run_after=2025-08-14 00:00:00+00:00
[2025-08-14T13:12:32.922+0000] {processor.py:183} INFO - Processing /opt/airflow/dags/bayir_express_etl.py took 1.180 seconds
[2025-08-14T13:13:50.271+0000] {processor.py:161} INFO - Started process (PID=103) to work on /opt/airflow/dags/bayir_express_etl.py
[2025-08-14T13:13:50.273+0000] {processor.py:830} INFO - Processing file /opt/airflow/dags/bayir_express_etl.py for tasks to queue
[2025-08-14T13:13:50.276+0000] {logging_mixin.py:188} INFO - [2025-08-14T13:13:50.275+0000] {dagbag.py:538} INFO - Filling up the DagBag from /opt/airflow/dags/bayir_express_etl.py
[2025-08-14T13:13:52.975+0000] {processor.py:840} INFO - DAG(s) 'bayir_express_etl' retrieved from /opt/airflow/dags/bayir_express_etl.py
[2025-08-14T13:13:53.076+0000] {logging_mixin.py:188} INFO - [2025-08-14T13:13:53.075+0000] {dag.py:3036} INFO - Sync 1 DAGs
[2025-08-14T13:13:53.177+0000] {logging_mixin.py:188} INFO - [2025-08-14T13:13:53.176+0000] {dag.py:3823} INFO - Setting next_dagrun for bayir_express_etl to 2025-08-14 00:00:00+00:00, run_after=2025-08-15 00:00:00+00:00
[2025-08-14T13:13:53.328+0000] {processor.py:183} INFO - Processing /opt/airflow/dags/bayir_express_etl.py took 3.063 seconds
[2025-08-14T13:14:27.764+0000] {processor.py:161} INFO - Started process (PID=123) to work on /opt/airflow/dags/bayir_express_etl.py
[2025-08-14T13:14:27.767+0000] {processor.py:830} INFO - Processing file /opt/airflow/dags/bayir_express_etl.py for tasks to queue
[2025-08-14T13:14:27.769+0000] {logging_mixin.py:188} INFO - [2025-08-14T13:14:27.768+0000] {dagbag.py:538} INFO - Filling up the DagBag from /opt/airflow/dags/bayir_express_etl.py
[2025-08-14T13:14:28.622+0000] {processor.py:840} INFO - DAG(s) 'bayir_express_etl' retrieved from /opt/airflow/dags/bayir_express_etl.py
[2025-08-14T13:14:28.653+0000] {logging_mixin.py:188} INFO - [2025-08-14T13:14:28.653+0000] {dag.py:3036} INFO - Sync 1 DAGs
[2025-08-14T13:14:28.692+0000] {logging_mixin.py:188} INFO - [2025-08-14T13:14:28.692+0000] {dag.py:3823} INFO - Setting next_dagrun for bayir_express_etl to 2025-08-14 00:00:00+00:00, run_after=2025-08-15 00:00:00+00:00
[2025-08-14T13:14:28.734+0000] {processor.py:183} INFO - Processing /opt/airflow/dags/bayir_express_etl.py took 0.975 seconds
[2025-08-14T13:14:59.070+0000] {processor.py:161} INFO - Started process (PID=143) to work on /opt/airflow/dags/bayir_express_etl.py
[2025-08-14T13:14:59.073+0000] {processor.py:830} INFO - Processing file /opt/airflow/dags/bayir_express_etl.py for tasks to queue
[2025-08-14T13:14:59.075+0000] {logging_mixin.py:188} INFO - [2025-08-14T13:14:59.075+0000] {dagbag.py:538} INFO - Filling up the DagBag from /opt/airflow/dags/bayir_express_etl.py
[2025-08-14T13:15:00.207+0000] {processor.py:840} INFO - DAG(s) 'bayir_express_etl' retrieved from /opt/airflow/dags/bayir_express_etl.py
[2025-08-14T13:15:00.242+0000] {logging_mixin.py:188} INFO - [2025-08-14T13:15:00.241+0000] {dag.py:3036} INFO - Sync 1 DAGs
[2025-08-14T13:15:00.275+0000] {logging_mixin.py:188} INFO - [2025-08-14T13:15:00.275+0000] {dag.py:3823} INFO - Setting next_dagrun for bayir_express_etl to 2025-08-14 00:00:00+00:00, run_after=2025-08-15 00:00:00+00:00
[2025-08-14T13:15:00.317+0000] {processor.py:183} INFO - Processing /opt/airflow/dags/bayir_express_etl.py took 1.255 seconds
[2025-08-14T13:15:30.448+0000] {processor.py:161} INFO - Started process (PID=145) to work on /opt/airflow/dags/bayir_express_etl.py
[2025-08-14T13:15:30.452+0000] {processor.py:830} INFO - Processing file /opt/airflow/dags/bayir_express_etl.py for tasks to queue
[2025-08-14T13:15:30.456+0000] {logging_mixin.py:188} INFO - [2025-08-14T13:15:30.455+0000] {dagbag.py:538} INFO - Filling up the DagBag from /opt/airflow/dags/bayir_express_etl.py
[2025-08-14T13:15:31.413+0000] {processor.py:840} INFO - DAG(s) 'bayir_express_etl' retrieved from /opt/airflow/dags/bayir_express_etl.py
[2025-08-14T13:15:31.448+0000] {logging_mixin.py:188} INFO - [2025-08-14T13:15:31.447+0000] {dag.py:3036} INFO - Sync 1 DAGs
[2025-08-14T13:15:31.491+0000] {logging_mixin.py:188} INFO - [2025-08-14T13:15:31.491+0000] {dag.py:3823} INFO - Setting next_dagrun for bayir_express_etl to 2025-08-14 00:00:00+00:00, run_after=2025-08-15 00:00:00+00:00
[2025-08-14T13:15:31.536+0000] {processor.py:183} INFO - Processing /opt/airflow/dags/bayir_express_etl.py took 1.097 seconds
[2025-08-14T13:16:01.734+0000] {processor.py:161} INFO - Started process (PID=147) to work on /opt/airflow/dags/bayir_express_etl.py
[2025-08-14T13:16:01.737+0000] {processor.py:830} INFO - Processing file /opt/airflow/dags/bayir_express_etl.py for tasks to queue
[2025-08-14T13:16:01.740+0000] {logging_mixin.py:188} INFO - [2025-08-14T13:16:01.739+0000] {dagbag.py:538} INFO - Filling up the DagBag from /opt/airflow/dags/bayir_express_etl.py
[2025-08-14T13:16:02.750+0000] {processor.py:840} INFO - DAG(s) 'bayir_express_etl' retrieved from /opt/airflow/dags/bayir_express_etl.py
[2025-08-14T13:16:02.786+0000] {logging_mixin.py:188} INFO - [2025-08-14T13:16:02.786+0000] {dag.py:3036} INFO - Sync 1 DAGs
[2025-08-14T13:16:02.824+0000] {logging_mixin.py:188} INFO - [2025-08-14T13:16:02.823+0000] {dag.py:3823} INFO - Setting next_dagrun for bayir_express_etl to 2025-08-14 00:00:00+00:00, run_after=2025-08-15 00:00:00+00:00
[2025-08-14T13:16:02.864+0000] {processor.py:183} INFO - Processing /opt/airflow/dags/bayir_express_etl.py took 1.137 seconds
[2025-08-14T13:17:09.531+0000] {processor.py:161} INFO - Started process (PID=149) to work on /opt/airflow/dags/bayir_express_etl.py
[2025-08-14T13:17:09.535+0000] {processor.py:830} INFO - Processing file /opt/airflow/dags/bayir_express_etl.py for tasks to queue
[2025-08-14T13:17:09.539+0000] {logging_mixin.py:188} INFO - [2025-08-14T13:17:09.538+0000] {dagbag.py:538} INFO - Filling up the DagBag from /opt/airflow/dags/bayir_express_etl.py
[2025-08-14T13:17:10.639+0000] {processor.py:840} INFO - DAG(s) 'bayir_express_etl' retrieved from /opt/airflow/dags/bayir_express_etl.py
[2025-08-14T13:17:10.674+0000] {logging_mixin.py:188} INFO - [2025-08-14T13:17:10.673+0000] {dag.py:3036} INFO - Sync 1 DAGs
[2025-08-14T13:17:10.712+0000] {logging_mixin.py:188} INFO - [2025-08-14T13:17:10.711+0000] {dag.py:3823} INFO - Setting next_dagrun for bayir_express_etl to 2025-08-14 00:00:00+00:00, run_after=2025-08-15 00:00:00+00:00
[2025-08-14T13:17:10.750+0000] {processor.py:183} INFO - Processing /opt/airflow/dags/bayir_express_etl.py took 1.226 seconds
[2025-08-14T13:17:41.156+0000] {processor.py:161} INFO - Started process (PID=153) to work on /opt/airflow/dags/bayir_express_etl.py
[2025-08-14T13:17:41.159+0000] {processor.py:830} INFO - Processing file /opt/airflow/dags/bayir_express_etl.py for tasks to queue
[2025-08-14T13:17:41.162+0000] {logging_mixin.py:188} INFO - [2025-08-14T13:17:41.161+0000] {dagbag.py:538} INFO - Filling up the DagBag from /opt/airflow/dags/bayir_express_etl.py
[2025-08-14T13:17:42.237+0000] {processor.py:840} INFO - DAG(s) 'bayir_express_etl' retrieved from /opt/airflow/dags/bayir_express_etl.py
[2025-08-14T13:17:42.280+0000] {logging_mixin.py:188} INFO - [2025-08-14T13:17:42.279+0000] {dag.py:3036} INFO - Sync 1 DAGs
[2025-08-14T13:17:42.318+0000] {logging_mixin.py:188} INFO - [2025-08-14T13:17:42.317+0000] {dag.py:3823} INFO - Setting next_dagrun for bayir_express_etl to 2025-08-14 00:00:00+00:00, run_after=2025-08-15 00:00:00+00:00
[2025-08-14T13:17:42.437+0000] {processor.py:183} INFO - Processing /opt/airflow/dags/bayir_express_etl.py took 1.288 seconds
[2025-08-14T13:18:21.545+0000] {processor.py:161} INFO - Started process (PID=173) to work on /opt/airflow/dags/bayir_express_etl.py
[2025-08-14T13:18:21.547+0000] {processor.py:830} INFO - Processing file /opt/airflow/dags/bayir_express_etl.py for tasks to queue
[2025-08-14T13:18:21.550+0000] {logging_mixin.py:188} INFO - [2025-08-14T13:18:21.549+0000] {dagbag.py:538} INFO - Filling up the DagBag from /opt/airflow/dags/bayir_express_etl.py
[2025-08-14T13:18:22.457+0000] {processor.py:840} INFO - DAG(s) 'bayir_express_etl' retrieved from /opt/airflow/dags/bayir_express_etl.py
[2025-08-14T13:18:22.486+0000] {logging_mixin.py:188} INFO - [2025-08-14T13:18:22.485+0000] {dag.py:3036} INFO - Sync 1 DAGs
[2025-08-14T13:18:22.526+0000] {logging_mixin.py:188} INFO - [2025-08-14T13:18:22.525+0000] {dag.py:3823} INFO - Setting next_dagrun for bayir_express_etl to 2025-08-14 00:00:00+00:00, run_after=2025-08-15 00:00:00+00:00
[2025-08-14T13:18:22.564+0000] {processor.py:183} INFO - Processing /opt/airflow/dags/bayir_express_etl.py took 1.027 seconds
[2025-08-14T13:18:56.750+0000] {processor.py:161} INFO - Started process (PID=211) to work on /opt/airflow/dags/bayir_express_etl.py
[2025-08-14T13:18:56.753+0000] {processor.py:830} INFO - Processing file /opt/airflow/dags/bayir_express_etl.py for tasks to queue
[2025-08-14T13:18:56.756+0000] {logging_mixin.py:188} INFO - [2025-08-14T13:18:56.756+0000] {dagbag.py:538} INFO - Filling up the DagBag from /opt/airflow/dags/bayir_express_etl.py
[2025-08-14T13:18:57.700+0000] {processor.py:840} INFO - DAG(s) 'bayir_express_etl' retrieved from /opt/airflow/dags/bayir_express_etl.py
[2025-08-14T13:18:57.732+0000] {logging_mixin.py:188} INFO - [2025-08-14T13:18:57.731+0000] {dag.py:3036} INFO - Sync 1 DAGs
[2025-08-14T13:18:57.763+0000] {logging_mixin.py:188} INFO - [2025-08-14T13:18:57.763+0000] {dag.py:3823} INFO - Setting next_dagrun for bayir_express_etl to 2025-08-14 00:00:00+00:00, run_after=2025-08-15 00:00:00+00:00
[2025-08-14T13:18:57.811+0000] {processor.py:183} INFO - Processing /opt/airflow/dags/bayir_express_etl.py took 1.070 seconds
[2025-08-14T13:19:28.872+0000] {processor.py:161} INFO - Started process (PID=231) to work on /opt/airflow/dags/bayir_express_etl.py
[2025-08-14T13:19:28.874+0000] {processor.py:830} INFO - Processing file /opt/airflow/dags/bayir_express_etl.py for tasks to queue
[2025-08-14T13:19:28.877+0000] {logging_mixin.py:188} INFO - [2025-08-14T13:19:28.876+0000] {dagbag.py:538} INFO - Filling up the DagBag from /opt/airflow/dags/bayir_express_etl.py
[2025-08-14T13:19:29.781+0000] {processor.py:840} INFO - DAG(s) 'bayir_express_etl' retrieved from /opt/airflow/dags/bayir_express_etl.py
[2025-08-14T13:19:29.811+0000] {logging_mixin.py:188} INFO - [2025-08-14T13:19:29.810+0000] {dag.py:3036} INFO - Sync 1 DAGs
[2025-08-14T13:19:29.844+0000] {logging_mixin.py:188} INFO - [2025-08-14T13:19:29.843+0000] {dag.py:3823} INFO - Setting next_dagrun for bayir_express_etl to 2025-08-14 00:00:00+00:00, run_after=2025-08-15 00:00:00+00:00
[2025-08-14T13:19:29.886+0000] {processor.py:183} INFO - Processing /opt/airflow/dags/bayir_express_etl.py took 1.020 seconds
[2025-08-14T13:20:00.076+0000] {processor.py:161} INFO - Started process (PID=233) to work on /opt/airflow/dags/bayir_express_etl.py
[2025-08-14T13:20:00.079+0000] {processor.py:830} INFO - Processing file /opt/airflow/dags/bayir_express_etl.py for tasks to queue
[2025-08-14T13:20:00.081+0000] {logging_mixin.py:188} INFO - [2025-08-14T13:20:00.080+0000] {dagbag.py:538} INFO - Filling up the DagBag from /opt/airflow/dags/bayir_express_etl.py
[2025-08-14T13:20:00.976+0000] {processor.py:840} INFO - DAG(s) 'bayir_express_etl' retrieved from /opt/airflow/dags/bayir_express_etl.py
[2025-08-14T13:20:01.009+0000] {logging_mixin.py:188} INFO - [2025-08-14T13:20:01.009+0000] {dag.py:3036} INFO - Sync 1 DAGs
[2025-08-14T13:20:01.045+0000] {logging_mixin.py:188} INFO - [2025-08-14T13:20:01.044+0000] {dag.py:3823} INFO - Setting next_dagrun for bayir_express_etl to 2025-08-14 00:00:00+00:00, run_after=2025-08-15 00:00:00+00:00
[2025-08-14T13:20:01.082+0000] {processor.py:183} INFO - Processing /opt/airflow/dags/bayir_express_etl.py took 1.011 seconds
[2025-08-14T13:20:32.256+0000] {processor.py:161} INFO - Started process (PID=235) to work on /opt/airflow/dags/bayir_express_etl.py
[2025-08-14T13:20:32.261+0000] {processor.py:830} INFO - Processing file /opt/airflow/dags/bayir_express_etl.py for tasks to queue
[2025-08-14T13:20:32.264+0000] {logging_mixin.py:188} INFO - [2025-08-14T13:20:32.263+0000] {dagbag.py:538} INFO - Filling up the DagBag from /opt/airflow/dags/bayir_express_etl.py
[2025-08-14T13:20:33.490+0000] {processor.py:840} INFO - DAG(s) 'bayir_express_etl' retrieved from /opt/airflow/dags/bayir_express_etl.py
[2025-08-14T13:20:33.545+0000] {logging_mixin.py:188} INFO - [2025-08-14T13:20:33.544+0000] {dag.py:3036} INFO - Sync 1 DAGs
[2025-08-14T13:20:33.581+0000] {logging_mixin.py:188} INFO - [2025-08-14T13:20:33.581+0000] {dag.py:3823} INFO - Setting next_dagrun for bayir_express_etl to 2025-08-14 00:00:00+00:00, run_after=2025-08-15 00:00:00+00:00
[2025-08-14T13:20:33.623+0000] {processor.py:183} INFO - Processing /opt/airflow/dags/bayir_express_etl.py took 1.377 seconds
[2025-08-14T13:21:04.217+0000] {processor.py:161} INFO - Started process (PID=237) to work on /opt/airflow/dags/bayir_express_etl.py
[2025-08-14T13:21:04.220+0000] {processor.py:830} INFO - Processing file /opt/airflow/dags/bayir_express_etl.py for tasks to queue
[2025-08-14T13:21:04.223+0000] {logging_mixin.py:188} INFO - [2025-08-14T13:21:04.222+0000] {dagbag.py:538} INFO - Filling up the DagBag from /opt/airflow/dags/bayir_express_etl.py
[2025-08-14T13:21:05.168+0000] {processor.py:840} INFO - DAG(s) 'bayir_express_etl' retrieved from /opt/airflow/dags/bayir_express_etl.py
[2025-08-14T13:21:05.200+0000] {logging_mixin.py:188} INFO - [2025-08-14T13:21:05.197+0000] {dag.py:3036} INFO - Sync 1 DAGs
[2025-08-14T13:21:05.231+0000] {logging_mixin.py:188} INFO - [2025-08-14T13:21:05.230+0000] {dag.py:3823} INFO - Setting next_dagrun for bayir_express_etl to 2025-08-14 00:00:00+00:00, run_after=2025-08-15 00:00:00+00:00
[2025-08-14T13:21:05.269+0000] {processor.py:183} INFO - Processing /opt/airflow/dags/bayir_express_etl.py took 1.057 seconds
[2025-08-14T13:21:35.450+0000] {processor.py:161} INFO - Started process (PID=239) to work on /opt/airflow/dags/bayir_express_etl.py
[2025-08-14T13:21:35.453+0000] {processor.py:830} INFO - Processing file /opt/airflow/dags/bayir_express_etl.py for tasks to queue
[2025-08-14T13:21:35.455+0000] {logging_mixin.py:188} INFO - [2025-08-14T13:21:35.454+0000] {dagbag.py:538} INFO - Filling up the DagBag from /opt/airflow/dags/bayir_express_etl.py
[2025-08-14T13:21:36.424+0000] {processor.py:840} INFO - DAG(s) 'bayir_express_etl' retrieved from /opt/airflow/dags/bayir_express_etl.py
[2025-08-14T13:21:36.457+0000] {logging_mixin.py:188} INFO - [2025-08-14T13:21:36.456+0000] {dag.py:3036} INFO - Sync 1 DAGs
[2025-08-14T13:21:36.493+0000] {logging_mixin.py:188} INFO - [2025-08-14T13:21:36.492+0000] {dag.py:3823} INFO - Setting next_dagrun for bayir_express_etl to 2025-08-14 00:00:00+00:00, run_after=2025-08-15 00:00:00+00:00
[2025-08-14T13:21:36.535+0000] {processor.py:183} INFO - Processing /opt/airflow/dags/bayir_express_etl.py took 1.091 seconds
[2025-08-14T13:22:06.813+0000] {processor.py:161} INFO - Started process (PID=241) to work on /opt/airflow/dags/bayir_express_etl.py
[2025-08-14T13:22:06.816+0000] {processor.py:830} INFO - Processing file /opt/airflow/dags/bayir_express_etl.py for tasks to queue
[2025-08-14T13:22:06.819+0000] {logging_mixin.py:188} INFO - [2025-08-14T13:22:06.818+0000] {dagbag.py:538} INFO - Filling up the DagBag from /opt/airflow/dags/bayir_express_etl.py
[2025-08-14T13:22:08.203+0000] {processor.py:840} INFO - DAG(s) 'bayir_express_etl' retrieved from /opt/airflow/dags/bayir_express_etl.py
[2025-08-14T13:22:08.239+0000] {logging_mixin.py:188} INFO - [2025-08-14T13:22:08.238+0000] {dag.py:3036} INFO - Sync 1 DAGs
[2025-08-14T13:22:08.273+0000] {logging_mixin.py:188} INFO - [2025-08-14T13:22:08.273+0000] {dag.py:3823} INFO - Setting next_dagrun for bayir_express_etl to 2025-08-14 00:00:00+00:00, run_after=2025-08-15 00:00:00+00:00
[2025-08-14T13:22:08.311+0000] {processor.py:183} INFO - Processing /opt/airflow/dags/bayir_express_etl.py took 1.505 seconds
[2025-08-14T13:22:38.568+0000] {processor.py:161} INFO - Started process (PID=243) to work on /opt/airflow/dags/bayir_express_etl.py
[2025-08-14T13:22:38.571+0000] {processor.py:830} INFO - Processing file /opt/airflow/dags/bayir_express_etl.py for tasks to queue
[2025-08-14T13:22:38.573+0000] {logging_mixin.py:188} INFO - [2025-08-14T13:22:38.573+0000] {dagbag.py:538} INFO - Filling up the DagBag from /opt/airflow/dags/bayir_express_etl.py
[2025-08-14T13:22:39.582+0000] {processor.py:840} INFO - DAG(s) 'bayir_express_etl' retrieved from /opt/airflow/dags/bayir_express_etl.py
[2025-08-14T13:22:39.613+0000] {logging_mixin.py:188} INFO - [2025-08-14T13:22:39.612+0000] {dag.py:3036} INFO - Sync 1 DAGs
[2025-08-14T13:22:39.646+0000] {logging_mixin.py:188} INFO - [2025-08-14T13:22:39.646+0000] {dag.py:3823} INFO - Setting next_dagrun for bayir_express_etl to 2025-08-14 00:00:00+00:00, run_after=2025-08-15 00:00:00+00:00
[2025-08-14T13:22:39.685+0000] {processor.py:183} INFO - Processing /opt/airflow/dags/bayir_express_etl.py took 1.123 seconds
[2025-08-14T13:23:09.923+0000] {processor.py:161} INFO - Started process (PID=245) to work on /opt/airflow/dags/bayir_express_etl.py
[2025-08-14T13:23:09.926+0000] {processor.py:830} INFO - Processing file /opt/airflow/dags/bayir_express_etl.py for tasks to queue
[2025-08-14T13:23:09.928+0000] {logging_mixin.py:188} INFO - [2025-08-14T13:23:09.927+0000] {dagbag.py:538} INFO - Filling up the DagBag from /opt/airflow/dags/bayir_express_etl.py
[2025-08-14T13:23:10.863+0000] {processor.py:840} INFO - DAG(s) 'bayir_express_etl' retrieved from /opt/airflow/dags/bayir_express_etl.py
[2025-08-14T13:23:10.894+0000] {logging_mixin.py:188} INFO - [2025-08-14T13:23:10.893+0000] {dag.py:3036} INFO - Sync 1 DAGs
[2025-08-14T13:23:10.925+0000] {logging_mixin.py:188} INFO - [2025-08-14T13:23:10.925+0000] {dag.py:3823} INFO - Setting next_dagrun for bayir_express_etl to 2025-08-14 00:00:00+00:00, run_after=2025-08-15 00:00:00+00:00
[2025-08-14T13:23:10.966+0000] {processor.py:183} INFO - Processing /opt/airflow/dags/bayir_express_etl.py took 1.050 seconds
[2025-08-14T13:23:41.174+0000] {processor.py:161} INFO - Started process (PID=247) to work on /opt/airflow/dags/bayir_express_etl.py
[2025-08-14T13:23:41.177+0000] {processor.py:830} INFO - Processing file /opt/airflow/dags/bayir_express_etl.py for tasks to queue
[2025-08-14T13:23:41.179+0000] {logging_mixin.py:188} INFO - [2025-08-14T13:23:41.178+0000] {dagbag.py:538} INFO - Filling up the DagBag from /opt/airflow/dags/bayir_express_etl.py
[2025-08-14T13:23:42.121+0000] {processor.py:840} INFO - DAG(s) 'bayir_express_etl' retrieved from /opt/airflow/dags/bayir_express_etl.py
[2025-08-14T13:23:42.154+0000] {logging_mixin.py:188} INFO - [2025-08-14T13:23:42.153+0000] {dag.py:3036} INFO - Sync 1 DAGs
[2025-08-14T13:23:42.189+0000] {logging_mixin.py:188} INFO - [2025-08-14T13:23:42.188+0000] {dag.py:3823} INFO - Setting next_dagrun for bayir_express_etl to 2025-08-14 00:00:00+00:00, run_after=2025-08-15 00:00:00+00:00
[2025-08-14T13:23:42.234+0000] {processor.py:183} INFO - Processing /opt/airflow/dags/bayir_express_etl.py took 1.065 seconds
[2025-08-14T13:24:12.450+0000] {processor.py:161} INFO - Started process (PID=249) to work on /opt/airflow/dags/bayir_express_etl.py
[2025-08-14T13:24:12.453+0000] {processor.py:830} INFO - Processing file /opt/airflow/dags/bayir_express_etl.py for tasks to queue
[2025-08-14T13:24:12.458+0000] {logging_mixin.py:188} INFO - [2025-08-14T13:24:12.456+0000] {dagbag.py:538} INFO - Filling up the DagBag from /opt/airflow/dags/bayir_express_etl.py
[2025-08-14T13:24:13.478+0000] {processor.py:840} INFO - DAG(s) 'bayir_express_etl' retrieved from /opt/airflow/dags/bayir_express_etl.py
[2025-08-14T13:24:13.509+0000] {logging_mixin.py:188} INFO - [2025-08-14T13:24:13.508+0000] {dag.py:3036} INFO - Sync 1 DAGs
[2025-08-14T13:24:13.545+0000] {logging_mixin.py:188} INFO - [2025-08-14T13:24:13.545+0000] {dag.py:3823} INFO - Setting next_dagrun for bayir_express_etl to 2025-08-14 00:00:00+00:00, run_after=2025-08-15 00:00:00+00:00
[2025-08-14T13:24:13.589+0000] {processor.py:183} INFO - Processing /opt/airflow/dags/bayir_express_etl.py took 1.145 seconds
[2025-08-14T13:24:43.806+0000] {processor.py:161} INFO - Started process (PID=251) to work on /opt/airflow/dags/bayir_express_etl.py
[2025-08-14T13:24:43.809+0000] {processor.py:830} INFO - Processing file /opt/airflow/dags/bayir_express_etl.py for tasks to queue
[2025-08-14T13:24:43.812+0000] {logging_mixin.py:188} INFO - [2025-08-14T13:24:43.811+0000] {dagbag.py:538} INFO - Filling up the DagBag from /opt/airflow/dags/bayir_express_etl.py
[2025-08-14T13:24:44.841+0000] {processor.py:840} INFO - DAG(s) 'bayir_express_etl' retrieved from /opt/airflow/dags/bayir_express_etl.py
[2025-08-14T13:24:44.872+0000] {logging_mixin.py:188} INFO - [2025-08-14T13:24:44.871+0000] {dag.py:3036} INFO - Sync 1 DAGs
[2025-08-14T13:24:44.908+0000] {logging_mixin.py:188} INFO - [2025-08-14T13:24:44.908+0000] {dag.py:3823} INFO - Setting next_dagrun for bayir_express_etl to 2025-08-14 00:00:00+00:00, run_after=2025-08-15 00:00:00+00:00
[2025-08-14T13:24:44.956+0000] {processor.py:183} INFO - Processing /opt/airflow/dags/bayir_express_etl.py took 1.158 seconds
